<?xml version="1.0" encoding="UTF-8"?>
<!-- Generated by org.testng.reporters.JUnitReportReporter -->
<testsuite skipped="0" hostname="BLRLT1391" name="learnAnnotaion.BookFlight" tests="1" failures="0" timestamp="20 Jun 2020 13:58:28 GMT" time="18.626" errors="0">
  <testcase name="bookings" time="18.626" classname="learnAnnotaion.BookFlight"/>
</testsuite> <!-- learnAnnotaion.BookFlight -->
