<?xml version="1.0" encoding="UTF-8"?>
<!-- Generated by org.testng.reporters.JUnitReportReporter -->
<testsuite skipped="0" hostname="BLRLT1391" name="learnTestNG.TestNGJquery" tests="2" failures="0" timestamp="16 Jun 2020 17:19:21 GMT" time="21.812" errors="0">
  <testcase name="tc002" time="10.496" classname="learnTestNG.TestNGJquery"/>
  <testcase name="tc002" time="11.316" classname="learnTestNG.TestNGJquery"/>
</testsuite> <!-- learnTestNG.TestNGJquery -->
