<?xml version="1.0" encoding="UTF-8"?>
<!-- Generated by org.testng.reporters.JUnitReportReporter -->
<testsuite skipped="0" hostname="BLRLT1391" name="learnAnnotaion.Flow" tests="1" failures="0" timestamp="04 Jul 2020 13:55:24 GMT" time="0.008" errors="0">
  <testcase name="test1" time="0.008" classname="learnAnnotaion.Flow"/>
</testsuite> <!-- learnAnnotaion.Flow -->
