<?xml version="1.0" encoding="UTF-8"?>
<!-- Generated by org.testng.reporters.JUnitReportReporter -->
<testsuite skipped="0" hostname="BLRLT1391" name="learnAnnotaion.LoginMercury" tests="1" failures="0" timestamp="20 Jun 2020 13:58:28 GMT" time="18.939" errors="0">
  <testcase name="login" time="18.939" classname="learnAnnotaion.LoginMercury"/>
</testsuite> <!-- learnAnnotaion.LoginMercury -->
