<?xml version="1.0" encoding="UTF-8"?>
<!-- Generated by org.testng.reporters.JUnitReportReporter -->
<testsuite skipped="0" hostname="BLRLT1391" name="testNGAnnotations.LearnParameters" tests="1" failures="0" timestamp="14 Jun 2020 15:09:29 GMT" time="267.662" errors="0">
  <testcase name="tc001" time="267.662" classname="testNGAnnotations.LearnParameters"/>
</testsuite> <!-- testNGAnnotations.LearnParameters -->
