<?xml version="1.0" encoding="UTF-8"?>
<!-- Generated by org.testng.reporters.JUnitReportReporter -->
<testsuite skipped="0" hostname="BLRLT1391" name="testNGAnnotations.AnnotationJquery" tests="2" failures="0" timestamp="14 Jun 2020 14:19:45 GMT" time="171.998" errors="0">
  <testcase name="tc001" time="101.599" classname="testNGAnnotations.AnnotationJquery"/>
  <testcase name="tc001" time="70.399" classname="testNGAnnotations.AnnotationJquery"/>
</testsuite> <!-- testNGAnnotations.AnnotationJquery -->
