<?xml version="1.0" encoding="UTF-8"?>
<!-- Generated by org.testng.reporters.JUnitReportReporter -->
<testsuite skipped="0" hostname="BLRLT1391" name="testNGAnnotations.LearnAttributesDepends" tests="3" failures="0" timestamp="14 Jun 2020 14:35:01 GMT" time="0.020" errors="0">
  <testcase name="eat" time="0.003" classname="testNGAnnotations.LearnAttributesDepends"/>
  <testcase name="sleep" time="0.013" classname="testNGAnnotations.LearnAttributesDepends"/>
  <testcase name="code" time="0.004" classname="testNGAnnotations.LearnAttributesDepends"/>
</testsuite> <!-- testNGAnnotations.LearnAttributesDepends -->
