<?xml version="1.0" encoding="UTF-8"?>
<!-- Generated by org.testng.reporters.JUnitReportReporter -->
<testsuite skipped="0" hostname="BLRLT1391" name="learnTestNG.TestNGErail" tests="2" failures="0" timestamp="16 Jun 2020 17:19:21 GMT" time="24.434" errors="0">
  <testcase name="tc001" time="13.905" classname="learnTestNG.TestNGErail"/>
  <testcase name="tc001" time="10.529" classname="learnTestNG.TestNGErail"/>
</testsuite> <!-- learnTestNG.TestNGErail -->
