<?xml version="1.0" encoding="UTF-8"?>
<!-- Generated by org.testng.reporters.JUnitReportReporter -->
<testsuite skipped="0" hostname="BLRLT1391" name="dataProvider.LearnDataProvider" tests="2" failures="0" timestamp="14 Jun 2020 15:54:45 GMT" time="0.036" errors="0">
  <testcase name="myTest" time="0.032" classname="dataProvider.LearnDataProvider"/>
  <testcase name="myTest" time="0.004" classname="dataProvider.LearnDataProvider"/>
</testsuite> <!-- dataProvider.LearnDataProvider -->
