<?xml version="1.0" encoding="UTF-8"?>
<!-- Generated by org.testng.reporters.JUnitReportReporter -->
<testsuite skipped="0" hostname="BLRLT1391" name="learnTestNG.TestNGJquery2" tests="1" failures="0" timestamp="16 Jun 2020 17:19:21 GMT" time="74.996" errors="0">
  <testcase name="tc003" time="74.996" classname="learnTestNG.TestNGJquery2"/>
</testsuite> <!-- learnTestNG.TestNGJquery2 -->
